<?xml version="1.0" encoding="UTF-8"?>
<testng-results ignored="0" total="1" passed="1" failed="0" skipped="0">
  <reporter-output>
  </reporter-output>
  <suite started-at="2024-01-06T22:52:10 EST" name="Default suite" finished-at="2024-01-06T22:52:27 EST" duration-ms="17447">
    <groups>
    </groups>
    <test started-at="2024-01-06T22:52:10 EST" name="Default test" finished-at="2024-01-06T22:52:27 EST" duration-ms="17447">
      <class name="com.qaTNTestCase.ProductCheckOutTest">
        <test-method is-config="true" signature="setup()[pri:0, instance:com.qaTNTestCase.ProductCheckOutTest@4f80542f]" started-at="2024-01-06T22:52:10 EST" name="setup" finished-at="2024-01-06T22:52:18 EST" duration-ms="8299" status="PASS">
          <reporter-output>
          </reporter-output>
        </test-method> <!-- setup -->
        <test-method signature="checkoutProduct()[pri:0, instance:com.qaTNTestCase.ProductCheckOutTest@4f80542f]" started-at="2024-01-06T22:52:18 EST" name="checkoutProduct" finished-at="2024-01-06T22:52:27 EST" duration-ms="8929" status="PASS">
          <reporter-output>
          </reporter-output>
        </test-method> <!-- checkoutProduct -->
        <test-method is-config="true" signature="teardown()[pri:0, instance:com.qaTNTestCase.ProductCheckOutTest@4f80542f]" started-at="2024-01-06T22:52:27 EST" name="teardown" finished-at="2024-01-06T22:52:27 EST" duration-ms="189" status="PASS">
          <reporter-output>
          </reporter-output>
        </test-method> <!-- teardown -->
      </class> <!-- com.qaTNTestCase.ProductCheckOutTest -->
    </test> <!-- Default test -->
  </suite> <!-- Default suite -->
</testng-results>
